0 info it worked if it ends with ok
1 verbose cli [ 'C:\\Users\\gfala\\AppData\\Local\\.meteor\\packages\\meteor-tool\\1.4.1_1\\mt-os.windows.x86_32\\dev_bundle\\bin\\node.exe',
1 verbose cli   'C:\\Users\\gfala\\AppData\\Local\\.meteor\\packages\\meteor-tool\\1.4.1_1\\mt-os.windows.x86_32\\dev_bundle\\lib\\node_modules\\npm\\bin\\npm-cli.js',
1 verbose cli   'install',
1 verbose cli   '--save',
1 verbose cli   'bcrypt' ]
2 info using npm@3.10.6
3 info using node@v4.5.0
4 silly loadCurrentTree Starting
5 silly install loadCurrentTree
6 silly install readLocalPackageData
7 silly fetchPackageMetaData bcrypt
8 silly fetchNamedPackageData bcrypt
9 silly mapToRegistry name bcrypt
10 silly mapToRegistry using default registry
11 silly mapToRegistry registry https://registry.npmjs.org/
12 silly mapToRegistry data Result {
12 silly mapToRegistry   raw: 'bcrypt',
12 silly mapToRegistry   scope: null,
12 silly mapToRegistry   escapedName: 'bcrypt',
12 silly mapToRegistry   name: 'bcrypt',
12 silly mapToRegistry   rawSpec: '',
12 silly mapToRegistry   spec: 'latest',
12 silly mapToRegistry   type: 'tag' }
13 silly mapToRegistry uri https://registry.npmjs.org/bcrypt
14 verbose request uri https://registry.npmjs.org/bcrypt
15 verbose request no auth needed
16 info attempt registry request try #1 at 6:51:42 PM
17 verbose request id fde27da89f3334e9
18 verbose etag "CR0LH900QPH9SNVEBDQ6WA8Z1"
19 http request GET https://registry.npmjs.org/bcrypt
20 http 200 https://registry.npmjs.org/bcrypt
21 verbose headers { server: 'CouchDB/1.6.1 (Erlang OTP/R16B03)',
21 verbose headers   etag: '"2W7CTWO1ETKY4R5XARYMM9SFN"',
21 verbose headers   'content-type': 'application/json',
21 verbose headers   'content-encoding': 'gzip',
21 verbose headers   'cache-control': 'max-age=300',
21 verbose headers   'content-length': '11903',
21 verbose headers   'accept-ranges': 'bytes',
21 verbose headers   date: 'Sat, 01 Oct 2016 21:51:42 GMT',
21 verbose headers   via: '1.1 varnish',
21 verbose headers   age: '269',
21 verbose headers   connection: 'keep-alive',
21 verbose headers   'x-served-by': 'cache-gru7127-GRU',
21 verbose headers   'x-cache': 'HIT',
21 verbose headers   'x-cache-hits': '3',
21 verbose headers   'x-timer': 'S1475358702.892224,VS0,VE0',
21 verbose headers   vary: 'Accept-Encoding' }
22 silly get cb [ 200,
22 silly get   { server: 'CouchDB/1.6.1 (Erlang OTP/R16B03)',
22 silly get     etag: '"2W7CTWO1ETKY4R5XARYMM9SFN"',
22 silly get     'content-type': 'application/json',
22 silly get     'content-encoding': 'gzip',
22 silly get     'cache-control': 'max-age=300',
22 silly get     'content-length': '11903',
22 silly get     'accept-ranges': 'bytes',
22 silly get     date: 'Sat, 01 Oct 2016 21:51:42 GMT',
22 silly get     via: '1.1 varnish',
22 silly get     age: '269',
22 silly get     connection: 'keep-alive',
22 silly get     'x-served-by': 'cache-gru7127-GRU',
22 silly get     'x-cache': 'HIT',
22 silly get     'x-cache-hits': '3',
22 silly get     'x-timer': 'S1475358702.892224,VS0,VE0',
22 silly get     vary: 'Accept-Encoding' } ]
23 verbose get saving bcrypt to C:\Users\gfala\AppData\Roaming\npm-cache\registry.npmjs.org\bcrypt\.cache.json
24 verbose correctMkdir C:\Users\gfala\AppData\Roaming\npm-cache correctMkdir not in flight; initializing
25 silly install normalizeTree
26 silly loadCurrentTree Finishing
27 silly loadIdealTree Starting
28 silly install loadIdealTree
29 silly cloneCurrentTree Starting
30 silly install cloneCurrentTreeToIdealTree
31 silly cloneCurrentTree Finishing
32 silly loadShrinkwrap Starting
33 silly install loadShrinkwrap
34 silly loadShrinkwrap Finishing
35 silly loadAllDepsIntoIdealTree Starting
36 silly install loadAllDepsIntoIdealTree
37 silly resolveWithNewModule bcrypt@0.8.7 checking installable status
38 silly cache add args [ 'bcrypt', null ]
39 verbose cache add spec bcrypt
40 silly cache add parsed spec Result {
40 silly cache add   raw: 'bcrypt',
40 silly cache add   scope: null,
40 silly cache add   escapedName: 'bcrypt',
40 silly cache add   name: 'bcrypt',
40 silly cache add   rawSpec: '',
40 silly cache add   spec: 'latest',
40 silly cache add   type: 'tag' }
41 silly addNamed bcrypt@latest
42 verbose addNamed "latest" is being treated as a dist-tag for bcrypt
43 info addNameTag [ 'bcrypt', 'latest' ]
44 silly mapToRegistry name bcrypt
45 silly mapToRegistry using default registry
46 silly mapToRegistry registry https://registry.npmjs.org/
47 silly mapToRegistry data Result {
47 silly mapToRegistry   raw: 'bcrypt',
47 silly mapToRegistry   scope: null,
47 silly mapToRegistry   escapedName: 'bcrypt',
47 silly mapToRegistry   name: 'bcrypt',
47 silly mapToRegistry   rawSpec: '',
47 silly mapToRegistry   spec: 'latest',
47 silly mapToRegistry   type: 'tag' }
48 silly mapToRegistry uri https://registry.npmjs.org/bcrypt
49 verbose addNameTag registry:https://registry.npmjs.org/bcrypt not in flight; fetching
50 verbose get https://registry.npmjs.org/bcrypt not expired, no request
51 silly addNameTag next cb for bcrypt with tag latest
52 silly addNamed bcrypt@0.8.7
53 verbose addNamed "0.8.7" is a plain semver version for bcrypt
54 silly cache afterAdd bcrypt@0.8.7
55 verbose afterAdd C:\Users\gfala\AppData\Roaming\npm-cache\bcrypt\0.8.7\package\package.json not in flight; writing
56 verbose correctMkdir C:\Users\gfala\AppData\Roaming\npm-cache correctMkdir not in flight; initializing
57 verbose afterAdd C:\Users\gfala\AppData\Roaming\npm-cache\bcrypt\0.8.7\package\package.json written
58 silly fetchNamedPackageData bindings
59 silly mapToRegistry name bindings
60 silly mapToRegistry using default registry
61 silly mapToRegistry registry https://registry.npmjs.org/
62 silly mapToRegistry data Result {
62 silly mapToRegistry   raw: 'bindings',
62 silly mapToRegistry   scope: null,
62 silly mapToRegistry   escapedName: 'bindings',
62 silly mapToRegistry   name: 'bindings',
62 silly mapToRegistry   rawSpec: '',
62 silly mapToRegistry   spec: 'latest',
62 silly mapToRegistry   type: 'tag' }
63 silly mapToRegistry uri https://registry.npmjs.org/bindings
64 silly fetchNamedPackageData nan
65 silly mapToRegistry name nan
66 silly mapToRegistry using default registry
67 silly mapToRegistry registry https://registry.npmjs.org/
68 silly mapToRegistry data Result {
68 silly mapToRegistry   raw: 'nan',
68 silly mapToRegistry   scope: null,
68 silly mapToRegistry   escapedName: 'nan',
68 silly mapToRegistry   name: 'nan',
68 silly mapToRegistry   rawSpec: '',
68 silly mapToRegistry   spec: 'latest',
68 silly mapToRegistry   type: 'tag' }
69 silly mapToRegistry uri https://registry.npmjs.org/nan
70 verbose request uri https://registry.npmjs.org/bindings
71 verbose request no auth needed
72 info attempt registry request try #1 at 6:51:44 PM
73 verbose etag "33TX4J3DNTGF7K41ZUV6OA182"
74 http request GET https://registry.npmjs.org/bindings
75 verbose request uri https://registry.npmjs.org/nan
76 verbose request no auth needed
77 info attempt registry request try #1 at 6:51:44 PM
78 verbose etag "NAY6YRKIZAXUCU18M1YHIEA2"
79 http request GET https://registry.npmjs.org/nan
80 http 200 https://registry.npmjs.org/nan
81 verbose headers { server: 'CouchDB/1.6.1 (Erlang OTP/R16B03)',
81 verbose headers   etag: '"1YJEPM5V4XH0MZT0HV3B8R9BB"',
81 verbose headers   'content-type': 'application/json',
81 verbose headers   'content-encoding': 'gzip',
81 verbose headers   'cache-control': 'max-age=300',
81 verbose headers   'content-length': '17162',
81 verbose headers   'accept-ranges': 'bytes',
81 verbose headers   date: 'Sat, 01 Oct 2016 21:51:43 GMT',
81 verbose headers   via: '1.1 varnish',
81 verbose headers   age: '20',
81 verbose headers   connection: 'keep-alive',
81 verbose headers   'x-served-by': 'cache-gru7125-GRU',
81 verbose headers   'x-cache': 'HIT',
81 verbose headers   'x-cache-hits': '1',
81 verbose headers   'x-timer': 'S1475358703.570129,VS0,VE0',
81 verbose headers   vary: 'Accept-Encoding' }
82 silly get cb [ 200,
82 silly get   { server: 'CouchDB/1.6.1 (Erlang OTP/R16B03)',
82 silly get     etag: '"1YJEPM5V4XH0MZT0HV3B8R9BB"',
82 silly get     'content-type': 'application/json',
82 silly get     'content-encoding': 'gzip',
82 silly get     'cache-control': 'max-age=300',
82 silly get     'content-length': '17162',
82 silly get     'accept-ranges': 'bytes',
82 silly get     date: 'Sat, 01 Oct 2016 21:51:43 GMT',
82 silly get     via: '1.1 varnish',
82 silly get     age: '20',
82 silly get     connection: 'keep-alive',
82 silly get     'x-served-by': 'cache-gru7125-GRU',
82 silly get     'x-cache': 'HIT',
82 silly get     'x-cache-hits': '1',
82 silly get     'x-timer': 'S1475358703.570129,VS0,VE0',
82 silly get     vary: 'Accept-Encoding' } ]
83 verbose get saving nan to C:\Users\gfala\AppData\Roaming\npm-cache\registry.npmjs.org\nan\.cache.json
84 verbose correctMkdir C:\Users\gfala\AppData\Roaming\npm-cache correctMkdir not in flight; initializing
85 silly resolveWithNewModule nan@2.3.5 checking installable status
86 silly cache add args [ 'nan@2.3.5', null ]
87 verbose cache add spec nan@2.3.5
88 silly cache add parsed spec Result {
88 silly cache add   raw: 'nan@2.3.5',
88 silly cache add   scope: null,
88 silly cache add   escapedName: 'nan',
88 silly cache add   name: 'nan',
88 silly cache add   rawSpec: '2.3.5',
88 silly cache add   spec: '2.3.5',
88 silly cache add   type: 'version' }
89 silly addNamed nan@2.3.5
90 verbose addNamed "2.3.5" is a plain semver version for nan
91 silly mapToRegistry name nan
92 silly mapToRegistry using default registry
93 silly mapToRegistry registry https://registry.npmjs.org/
94 silly mapToRegistry data Result {
94 silly mapToRegistry   raw: 'nan',
94 silly mapToRegistry   scope: null,
94 silly mapToRegistry   escapedName: 'nan',
94 silly mapToRegistry   name: 'nan',
94 silly mapToRegistry   rawSpec: '',
94 silly mapToRegistry   spec: 'latest',
94 silly mapToRegistry   type: 'tag' }
95 silly mapToRegistry uri https://registry.npmjs.org/nan
96 verbose addNameVersion registry:https://registry.npmjs.org/nan not in flight; fetching
97 verbose get https://registry.npmjs.org/nan not expired, no request
98 silly cache afterAdd nan@2.3.5
99 verbose afterAdd C:\Users\gfala\AppData\Roaming\npm-cache\nan\2.3.5\package\package.json not in flight; writing
100 verbose correctMkdir C:\Users\gfala\AppData\Roaming\npm-cache correctMkdir not in flight; initializing
101 verbose afterAdd C:\Users\gfala\AppData\Roaming\npm-cache\nan\2.3.5\package\package.json written
102 http 200 https://registry.npmjs.org/bindings
103 verbose headers { server: 'CouchDB/1.5.0 (Erlang OTP/R16B03)',
103 verbose headers   etag: '"C1AW6UVQGY4VZQGFC1WTIGMDV"',
103 verbose headers   'content-type': 'application/json',
103 verbose headers   'content-encoding': 'gzip',
103 verbose headers   'cache-control': 'max-age=300',
103 verbose headers   'content-length': '3811',
103 verbose headers   'accept-ranges': 'bytes',
103 verbose headers   date: 'Sat, 01 Oct 2016 21:51:43 GMT',
103 verbose headers   via: '1.1 varnish',
103 verbose headers   age: '0',
103 verbose headers   connection: 'keep-alive',
103 verbose headers   'x-served-by': 'cache-gru7127-GRU',
103 verbose headers   'x-cache': 'HIT',
103 verbose headers   'x-cache-hits': '1',
103 verbose headers   'x-timer': 'S1475358703.323875,VS0,VE614',
103 verbose headers   vary: 'Accept-Encoding' }
104 silly get cb [ 200,
104 silly get   { server: 'CouchDB/1.5.0 (Erlang OTP/R16B03)',
104 silly get     etag: '"C1AW6UVQGY4VZQGFC1WTIGMDV"',
104 silly get     'content-type': 'application/json',
104 silly get     'content-encoding': 'gzip',
104 silly get     'cache-control': 'max-age=300',
104 silly get     'content-length': '3811',
104 silly get     'accept-ranges': 'bytes',
104 silly get     date: 'Sat, 01 Oct 2016 21:51:43 GMT',
104 silly get     via: '1.1 varnish',
104 silly get     age: '0',
104 silly get     connection: 'keep-alive',
104 silly get     'x-served-by': 'cache-gru7127-GRU',
104 silly get     'x-cache': 'HIT',
104 silly get     'x-cache-hits': '1',
104 silly get     'x-timer': 'S1475358703.323875,VS0,VE614',
104 silly get     vary: 'Accept-Encoding' } ]
105 verbose get saving bindings to C:\Users\gfala\AppData\Roaming\npm-cache\registry.npmjs.org\bindings\.cache.json
106 verbose correctMkdir C:\Users\gfala\AppData\Roaming\npm-cache correctMkdir not in flight; initializing
107 silly resolveWithNewModule bindings@1.2.1 checking installable status
108 silly cache add args [ 'bindings@1.2.1', null ]
109 verbose cache add spec bindings@1.2.1
110 silly cache add parsed spec Result {
110 silly cache add   raw: 'bindings@1.2.1',
110 silly cache add   scope: null,
110 silly cache add   escapedName: 'bindings',
110 silly cache add   name: 'bindings',
110 silly cache add   rawSpec: '1.2.1',
110 silly cache add   spec: '1.2.1',
110 silly cache add   type: 'version' }
111 silly addNamed bindings@1.2.1
112 verbose addNamed "1.2.1" is a plain semver version for bindings
113 silly mapToRegistry name bindings
114 silly mapToRegistry using default registry
115 silly mapToRegistry registry https://registry.npmjs.org/
116 silly mapToRegistry data Result {
116 silly mapToRegistry   raw: 'bindings',
116 silly mapToRegistry   scope: null,
116 silly mapToRegistry   escapedName: 'bindings',
116 silly mapToRegistry   name: 'bindings',
116 silly mapToRegistry   rawSpec: '',
116 silly mapToRegistry   spec: 'latest',
116 silly mapToRegistry   type: 'tag' }
117 silly mapToRegistry uri https://registry.npmjs.org/bindings
118 verbose addNameVersion registry:https://registry.npmjs.org/bindings not in flight; fetching
119 verbose get https://registry.npmjs.org/bindings not expired, no request
120 silly cache afterAdd bindings@1.2.1
121 verbose afterAdd C:\Users\gfala\AppData\Roaming\npm-cache\bindings\1.2.1\package\package.json not in flight; writing
122 verbose correctMkdir C:\Users\gfala\AppData\Roaming\npm-cache correctMkdir not in flight; initializing
123 verbose afterAdd C:\Users\gfala\AppData\Roaming\npm-cache\bindings\1.2.1\package\package.json written
124 silly loadAllDepsIntoIdealTree Finishing
125 silly loadIdealTree Finishing
126 silly currentTree skeleton.meteor.1.4@
127 silly idealTree skeleton.meteor.1.4@
127 silly idealTree +-- bcrypt@0.8.7
127 silly idealTree +-- bindings@1.2.1
127 silly idealTree `-- nan@2.3.5
128 silly generateActionsToTake Starting
129 silly install generateActionsToTake
130 silly generateActionsToTake Finishing
131 silly diffTrees action count 3
132 silly diffTrees add bindings@1.2.1
133 silly diffTrees add nan@2.3.5
134 silly diffTrees add bcrypt@0.8.7
135 silly decomposeActions action count 24
136 silly decomposeActions fetch bindings@1.2.1
137 silly decomposeActions extract bindings@1.2.1
138 silly decomposeActions test bindings@1.2.1
139 silly decomposeActions preinstall bindings@1.2.1
140 silly decomposeActions build bindings@1.2.1
141 silly decomposeActions install bindings@1.2.1
142 silly decomposeActions postinstall bindings@1.2.1
143 silly decomposeActions finalize bindings@1.2.1
144 silly decomposeActions fetch nan@2.3.5
145 silly decomposeActions extract nan@2.3.5
146 silly decomposeActions test nan@2.3.5
147 silly decomposeActions preinstall nan@2.3.5
148 silly decomposeActions build nan@2.3.5
149 silly decomposeActions install nan@2.3.5
150 silly decomposeActions postinstall nan@2.3.5
151 silly decomposeActions finalize nan@2.3.5
152 silly decomposeActions fetch bcrypt@0.8.7
153 silly decomposeActions extract bcrypt@0.8.7
154 silly decomposeActions test bcrypt@0.8.7
155 silly decomposeActions preinstall bcrypt@0.8.7
156 silly decomposeActions build bcrypt@0.8.7
157 silly decomposeActions install bcrypt@0.8.7
158 silly decomposeActions postinstall bcrypt@0.8.7
159 silly decomposeActions finalize bcrypt@0.8.7
160 silly executeActions Starting
161 silly install executeActions
162 silly doSerial global-install 0
163 silly doParallel fetch 3
164 verbose correctMkdir C:\Users\gfala\AppData\Roaming\npm-cache\_locks correctMkdir not in flight; initializing
165 verbose lock using C:\Users\gfala\AppData\Roaming\npm-cache\_locks\staging-5cf6a94ecae2c529.lock for C:\Users\gfala\workspace\meteor\skeleton.meteor.1.4\node_modules\.staging
166 silly doParallel extract 3
167 silly extract bindings@1.2.1
168 silly extract nan@2.3.5
169 silly extract bcrypt@0.8.7
170 verbose unbuild node_modules\.staging\nan-cd395cb8
171 verbose unbuild node_modules\.staging\bcrypt-b35ebe9b
172 verbose unbuild node_modules\.staging\bindings-38781835
173 silly gentlyRm C:\Users\gfala\workspace\meteor\skeleton.meteor.1.4\node_modules\.staging\nan-cd395cb8 is being purged from base C:\Users\gfala\workspace\meteor\skeleton.meteor.1.4
174 verbose gentlyRm don't care about contents; nuking C:\Users\gfala\workspace\meteor\skeleton.meteor.1.4\node_modules\.staging\nan-cd395cb8
175 silly gentlyRm C:\Users\gfala\workspace\meteor\skeleton.meteor.1.4\node_modules\.staging\bcrypt-b35ebe9b is being purged from base C:\Users\gfala\workspace\meteor\skeleton.meteor.1.4
176 verbose gentlyRm don't care about contents; nuking C:\Users\gfala\workspace\meteor\skeleton.meteor.1.4\node_modules\.staging\bcrypt-b35ebe9b
177 silly gentlyRm C:\Users\gfala\workspace\meteor\skeleton.meteor.1.4\node_modules\.staging\bindings-38781835 is being purged from base C:\Users\gfala\workspace\meteor\skeleton.meteor.1.4
178 verbose gentlyRm don't care about contents; nuking C:\Users\gfala\workspace\meteor\skeleton.meteor.1.4\node_modules\.staging\bindings-38781835
179 verbose tar unpack C:\Users\gfala\AppData\Roaming\npm-cache\nan\2.3.5\package.tgz
180 verbose tar unpacking to C:\Users\gfala\workspace\meteor\skeleton.meteor.1.4\node_modules\.staging\nan-cd395cb8
181 silly gentlyRm C:\Users\gfala\workspace\meteor\skeleton.meteor.1.4\node_modules\.staging\nan-cd395cb8 is being purged
182 verbose gentlyRm don't care about contents; nuking C:\Users\gfala\workspace\meteor\skeleton.meteor.1.4\node_modules\.staging\nan-cd395cb8
183 verbose tar unpack C:\Users\gfala\AppData\Roaming\npm-cache\bcrypt\0.8.7\package.tgz
184 verbose tar unpacking to C:\Users\gfala\workspace\meteor\skeleton.meteor.1.4\node_modules\.staging\bcrypt-b35ebe9b
185 silly gentlyRm C:\Users\gfala\workspace\meteor\skeleton.meteor.1.4\node_modules\.staging\bcrypt-b35ebe9b is being purged
186 verbose gentlyRm don't care about contents; nuking C:\Users\gfala\workspace\meteor\skeleton.meteor.1.4\node_modules\.staging\bcrypt-b35ebe9b
187 verbose tar unpack C:\Users\gfala\AppData\Roaming\npm-cache\bindings\1.2.1\package.tgz
188 verbose tar unpacking to C:\Users\gfala\workspace\meteor\skeleton.meteor.1.4\node_modules\.staging\bindings-38781835
189 silly gentlyRm C:\Users\gfala\workspace\meteor\skeleton.meteor.1.4\node_modules\.staging\bindings-38781835 is being purged
190 verbose gentlyRm don't care about contents; nuking C:\Users\gfala\workspace\meteor\skeleton.meteor.1.4\node_modules\.staging\bindings-38781835
191 silly gunzTarPerm modes [ '777', '666' ]
192 silly gunzTarPerm modes [ '777', '666' ]
193 silly gunzTarPerm modes [ '777', '666' ]
194 silly gunzTarPerm extractEntry package.json
195 silly gunzTarPerm modified mode [ 'package.json', 436, 438 ]
196 silly gunzTarPerm extractEntry package.json
197 silly gunzTarPerm modified mode [ 'package.json', 420, 438 ]
198 silly gunzTarPerm extractEntry package.json
199 silly gunzTarPerm modified mode [ 'package.json', 420, 438 ]
200 silly gunzTarPerm extractEntry README.md
201 silly gunzTarPerm modified mode [ 'README.md', 436, 438 ]
202 silly gunzTarPerm extractEntry README.md
203 silly gunzTarPerm modified mode [ 'README.md', 420, 438 ]
204 silly gunzTarPerm extractEntry bindings.js
205 silly gunzTarPerm modified mode [ 'bindings.js', 420, 438 ]
206 silly gunzTarPerm extractEntry include_dirs.js
207 silly gunzTarPerm modified mode [ 'include_dirs.js', 436, 438 ]
208 silly gunzTarPerm extractEntry .npmignore
209 silly gunzTarPerm modified mode [ '.npmignore', 420, 438 ]
210 silly gunzTarPerm extractEntry README.md
211 silly gunzTarPerm modified mode [ 'README.md', 420, 438 ]
212 silly gunzTarPerm extractEntry nan_converters.h
213 silly gunzTarPerm modified mode [ 'nan_converters.h', 436, 438 ]
214 silly gunzTarPerm extractEntry LICENSE.md
215 silly gunzTarPerm modified mode [ 'LICENSE.md', 436, 438 ]
216 silly gunzTarPerm extractEntry doc/node_misc.md
217 silly gunzTarPerm modified mode [ 'doc/node_misc.md', 436, 438 ]
218 silly gunzTarPerm extractEntry LICENSE
219 silly gunzTarPerm modified mode [ 'LICENSE', 420, 438 ]
220 silly gunzTarPerm extractEntry bcrypt.js
221 silly gunzTarPerm modified mode [ 'bcrypt.js', 420, 438 ]
222 silly gunzTarPerm extractEntry Makefile
223 silly gunzTarPerm modified mode [ 'Makefile', 420, 438 ]
224 silly gunzTarPerm extractEntry .travis.yml
225 silly gunzTarPerm modified mode [ '.travis.yml', 420, 438 ]
226 silly gunzTarPerm extractEntry CHANGELOG.md
227 silly gunzTarPerm modified mode [ 'CHANGELOG.md', 420, 438 ]
228 silly gunzTarPerm extractEntry binding.gyp
229 silly gunzTarPerm modified mode [ 'binding.gyp', 420, 438 ]
230 silly gunzTarPerm extractEntry examples/async_compare.js
231 silly gunzTarPerm modified mode [ 'examples/async_compare.js', 420, 438 ]
232 silly gunzTarPerm extractEntry examples/forever_gen_salt.js
233 silly gunzTarPerm modified mode [ 'examples/forever_gen_salt.js', 420, 438 ]
234 silly gunzTarPerm extractEntry test/async.js
235 silly gunzTarPerm modified mode [ 'test/async.js', 420, 438 ]
236 silly gunzTarPerm extractEntry test/repetitions.js
237 silly gunzTarPerm modified mode [ 'test/repetitions.js', 420, 438 ]
238 silly gunzTarPerm extractEntry test/sync.js
239 silly gunzTarPerm modified mode [ 'test/sync.js', 420, 438 ]
240 silly gunzTarPerm extractEntry ISSUE_TEMPLATE.md
241 silly gunzTarPerm modified mode [ 'ISSUE_TEMPLATE.md', 420, 438 ]
242 silly gunzTarPerm extractEntry src/bcrypt.cc
243 silly gunzTarPerm modified mode [ 'src/bcrypt.cc', 420, 438 ]
244 silly gunzTarPerm extractEntry src/bcrypt_node.cc
245 silly gunzTarPerm modified mode [ 'src/bcrypt_node.cc', 420, 438 ]
246 silly gunzTarPerm extractEntry src/blowfish.cc
247 silly gunzTarPerm modified mode [ 'src/blowfish.cc', 420, 438 ]
248 silly gunzTarPerm extractEntry src/node_blf.h
249 silly gunzTarPerm modified mode [ 'src/node_blf.h', 420, 438 ]
250 silly gunzTarPerm extractEntry werker.yml
251 silly gunzTarPerm modified mode [ 'werker.yml', 420, 438 ]
252 silly gunzTarPerm extractEntry doc/asyncworker.md
253 silly gunzTarPerm modified mode [ 'doc/asyncworker.md', 436, 438 ]
254 silly gunzTarPerm extractEntry doc/callback.md
255 silly gunzTarPerm modified mode [ 'doc/callback.md', 436, 438 ]
256 silly gunzTarPerm extractEntry doc/converters.md
257 silly gunzTarPerm modified mode [ 'doc/converters.md', 436, 438 ]
258 silly gunzTarPerm extractEntry doc/errors.md
259 silly gunzTarPerm modified mode [ 'doc/errors.md', 436, 438 ]
260 silly gunzTarPerm extractEntry doc/maybe_types.md
261 silly gunzTarPerm modified mode [ 'doc/maybe_types.md', 436, 438 ]
262 silly gunzTarPerm extractEntry doc/methods.md
263 silly gunzTarPerm modified mode [ 'doc/methods.md', 436, 438 ]
264 silly gunzTarPerm extractEntry doc/new.md
265 silly gunzTarPerm modified mode [ 'doc/new.md', 436, 438 ]
266 silly gentlyRm C:\Users\gfala\workspace\meteor\skeleton.meteor.1.4\node_modules\.staging\bindings-38781835\node_modules is being purged
267 verbose gentlyRm don't care about contents; nuking C:\Users\gfala\workspace\meteor\skeleton.meteor.1.4\node_modules\.staging\bindings-38781835\node_modules
268 silly gunzTarPerm extractEntry doc/buffers.md
269 silly gunzTarPerm modified mode [ 'doc/buffers.md', 436, 438 ]
270 silly gunzTarPerm extractEntry doc/object_wrappers.md
271 silly gunzTarPerm modified mode [ 'doc/object_wrappers.md', 436, 438 ]
272 silly gunzTarPerm extractEntry doc/persistent.md
273 silly gunzTarPerm modified mode [ 'doc/persistent.md', 436, 438 ]
274 silly gunzTarPerm extractEntry doc/scopes.md
275 silly gunzTarPerm modified mode [ 'doc/scopes.md', 436, 438 ]
276 silly gunzTarPerm extractEntry doc/script.md
277 silly gunzTarPerm modified mode [ 'doc/script.md', 436, 438 ]
278 silly gunzTarPerm extractEntry doc/string_bytes.md
279 silly gunzTarPerm modified mode [ 'doc/string_bytes.md', 436, 438 ]
280 silly gunzTarPerm extractEntry doc/v8_internals.md
281 silly gunzTarPerm modified mode [ 'doc/v8_internals.md', 436, 438 ]
282 silly gunzTarPerm extractEntry doc/v8_misc.md
283 silly gunzTarPerm modified mode [ 'doc/v8_misc.md', 436, 438 ]
284 silly gunzTarPerm extractEntry nan.h
285 silly gunzTarPerm modified mode [ 'nan.h', 436, 438 ]
286 silly gunzTarPerm extractEntry nan_callbacks.h
287 silly gunzTarPerm modified mode [ 'nan_callbacks.h', 436, 438 ]
288 silly gunzTarPerm extractEntry nan_callbacks_12_inl.h
289 silly gunzTarPerm modified mode [ 'nan_callbacks_12_inl.h', 436, 438 ]
290 silly gunzTarPerm extractEntry nan_callbacks_pre_12_inl.h
291 silly gunzTarPerm modified mode [ 'nan_callbacks_pre_12_inl.h', 436, 438 ]
292 silly gunzTarPerm extractEntry nan_converters_43_inl.h
293 silly gunzTarPerm modified mode [ 'nan_converters_43_inl.h', 436, 438 ]
294 silly gunzTarPerm extractEntry nan_converters_pre_43_inl.h
295 silly gunzTarPerm modified mode [ 'nan_converters_pre_43_inl.h', 436, 438 ]
296 silly gunzTarPerm extractEntry nan_implementation_12_inl.h
297 silly gunzTarPerm modified mode [ 'nan_implementation_12_inl.h', 436, 438 ]
298 silly gunzTarPerm extractEntry nan_implementation_pre_12_inl.h
299 silly gunzTarPerm modified mode [ 'nan_implementation_pre_12_inl.h', 436, 438 ]
300 silly gunzTarPerm extractEntry nan_maybe_43_inl.h
301 silly gunzTarPerm modified mode [ 'nan_maybe_43_inl.h', 436, 438 ]
302 silly gunzTarPerm extractEntry nan_maybe_pre_43_inl.h
303 silly gunzTarPerm modified mode [ 'nan_maybe_pre_43_inl.h', 436, 438 ]
304 silly gunzTarPerm extractEntry nan_new.h
305 silly gunzTarPerm modified mode [ 'nan_new.h', 436, 438 ]
306 silly gunzTarPerm extractEntry nan_object_wrap.h
307 silly gunzTarPerm modified mode [ 'nan_object_wrap.h', 436, 438 ]
308 silly gunzTarPerm extractEntry nan_persistent_12_inl.h
309 silly gunzTarPerm modified mode [ 'nan_persistent_12_inl.h', 436, 438 ]
310 silly gunzTarPerm extractEntry nan_persistent_pre_12_inl.h
311 silly gunzTarPerm modified mode [ 'nan_persistent_pre_12_inl.h', 436, 438 ]
312 silly gunzTarPerm extractEntry nan_string_bytes.h
313 silly gunzTarPerm modified mode [ 'nan_string_bytes.h', 436, 438 ]
314 silly gunzTarPerm extractEntry nan_typedarray_contents.h
315 silly gunzTarPerm modified mode [ 'nan_typedarray_contents.h', 436, 438 ]
316 silly gunzTarPerm extractEntry nan_weak.h
317 silly gunzTarPerm modified mode [ 'nan_weak.h', 436, 438 ]
318 silly gunzTarPerm extractEntry CHANGELOG.md
319 silly gunzTarPerm modified mode [ 'CHANGELOG.md', 436, 438 ]
320 silly gunzTarPerm extractEntry tools/package.json
321 silly gunzTarPerm modified mode [ 'tools/package.json', 436, 438 ]
322 silly gunzTarPerm extractEntry tools/README.md
323 silly gunzTarPerm modified mode [ 'tools/README.md', 436, 438 ]
324 silly gunzTarPerm extractEntry tools/1to2.js
325 silly gunzTarPerm modified mode [ 'tools/1to2.js', 509, 511 ]
326 silly gentlyRm C:\Users\gfala\workspace\meteor\skeleton.meteor.1.4\node_modules\.staging\bcrypt-b35ebe9b\node_modules is being purged
327 verbose gentlyRm don't care about contents; nuking C:\Users\gfala\workspace\meteor\skeleton.meteor.1.4\node_modules\.staging\bcrypt-b35ebe9b\node_modules
328 silly gentlyRm C:\Users\gfala\workspace\meteor\skeleton.meteor.1.4\node_modules\.staging\nan-cd395cb8\node_modules is being purged
329 verbose gentlyRm don't care about contents; nuking C:\Users\gfala\workspace\meteor\skeleton.meteor.1.4\node_modules\.staging\nan-cd395cb8\node_modules
330 silly doParallel preinstall 3
331 silly preinstall bindings@1.2.1 C:\Users\gfala\workspace\meteor\skeleton.meteor.1.4\node_modules\.staging\bindings-38781835
332 info lifecycle bindings@1.2.1~preinstall: bindings@1.2.1
333 silly preinstall nan@2.3.5 C:\Users\gfala\workspace\meteor\skeleton.meteor.1.4\node_modules\.staging\nan-cd395cb8
334 info lifecycle nan@2.3.5~preinstall: nan@2.3.5
335 silly preinstall bcrypt@0.8.7 C:\Users\gfala\workspace\meteor\skeleton.meteor.1.4\node_modules\.staging\bcrypt-b35ebe9b
336 info lifecycle bcrypt@0.8.7~preinstall: bcrypt@0.8.7
337 silly lifecycle bindings@1.2.1~preinstall: no script for preinstall, continuing
338 silly lifecycle nan@2.3.5~preinstall: no script for preinstall, continuing
339 silly lifecycle bcrypt@0.8.7~preinstall: no script for preinstall, continuing
340 silly doReverseSerial remove 0
341 silly doSerial move 0
342 silly doSerial finalize 3
343 silly finalize C:\Users\gfala\workspace\meteor\skeleton.meteor.1.4\node_modules\bindings
344 silly finalize C:\Users\gfala\workspace\meteor\skeleton.meteor.1.4\node_modules\nan
345 silly finalize C:\Users\gfala\workspace\meteor\skeleton.meteor.1.4\node_modules\bcrypt
346 silly doSerial build 3
347 silly build bindings@1.2.1
348 info linkStuff bindings@1.2.1
349 silly linkStuff bindings@1.2.1 has C:\Users\gfala\workspace\meteor\skeleton.meteor.1.4\node_modules as its parent node_modules
350 verbose linkBins bindings@1.2.1
351 verbose linkMans bindings@1.2.1
352 silly build nan@2.3.5
353 info linkStuff nan@2.3.5
354 silly linkStuff nan@2.3.5 has C:\Users\gfala\workspace\meteor\skeleton.meteor.1.4\node_modules as its parent node_modules
355 verbose linkBins nan@2.3.5
356 verbose linkMans nan@2.3.5
357 silly build bcrypt@0.8.7
358 info linkStuff bcrypt@0.8.7
359 silly linkStuff bcrypt@0.8.7 has C:\Users\gfala\workspace\meteor\skeleton.meteor.1.4\node_modules as its parent node_modules
360 verbose linkBins bcrypt@0.8.7
361 verbose linkMans bcrypt@0.8.7
362 silly doSerial global-link 0
363 silly doParallel update-linked 0
364 silly doSerial install 3
365 silly install bindings@1.2.1 C:\Users\gfala\workspace\meteor\skeleton.meteor.1.4\node_modules\.staging\bindings-38781835
366 info lifecycle bindings@1.2.1~install: bindings@1.2.1
367 silly lifecycle bindings@1.2.1~install: no script for install, continuing
368 silly install nan@2.3.5 C:\Users\gfala\workspace\meteor\skeleton.meteor.1.4\node_modules\.staging\nan-cd395cb8
369 info lifecycle nan@2.3.5~install: nan@2.3.5
370 silly lifecycle nan@2.3.5~install: no script for install, continuing
371 silly install bcrypt@0.8.7 C:\Users\gfala\workspace\meteor\skeleton.meteor.1.4\node_modules\.staging\bcrypt-b35ebe9b
372 info lifecycle bcrypt@0.8.7~install: bcrypt@0.8.7
373 verbose lifecycle bcrypt@0.8.7~install: unsafe-perm in lifecycle true
374 verbose lifecycle bcrypt@0.8.7~install: PATH: C:\Users\gfala\AppData\Local\.meteor\packages\meteor-tool\1.4.1_1\mt-os.windows.x86_32\dev_bundle\lib\node_modules\npm\bin\node-gyp-bin;C:\Users\gfala\workspace\meteor\skeleton.meteor.1.4\node_modules\bcrypt\node_modules\.bin;C:\Users\gfala\workspace\meteor\skeleton.meteor.1.4\node_modules\.bin;C:\Users\gfala\AppData\Local\.meteor\packages\meteor-tool\1.4.1_1\mt-os.windows.x86_32\dev_bundle\bin;C:\Users\gfala\AppData\Local\.meteor\packages\meteor-tool\1.4.1_1\mt-os.windows.x86_32\dev_bundle\lib\node_modules\.bin;C:\Python27\;C:\Python27\Scripts;C:\ProgramData\Oracle\Java\javapath;C:\Program Files (x86)\Intel\iCLS Client\;C:\Program Files\Intel\iCLS Client\;C:\WINDOWS\system32;C:\WINDOWS;C:\WINDOWS\System32\Wbem;C:\WINDOWS\System32\WindowsPowerShell\v1.0\;c:\Program Files\Intel\IntelSGXPSW\bin\x64\Release\;c:\Program Files\Intel\IntelSGXPSW\bin\win32\Release\;C:\Program Files (x86)\Intel\Intel(R) Management Engine Components\DAL;C:\Program Files\Intel\Intel(R) Management Engine Components\DAL;C:\Program Files (x86)\Intel\Intel(R) Management Engine Components\IPT;C:\Program Files\Intel\Intel(R) Management Engine Components\IPT;C:\Program Files\Git\cmd;C:\Program Files\Git\mingw64\bin;C:\Program Files\Git\usr\bin;C:\Program Files\Intel\WiFi\bin\;C:\Program Files\Common Files\Intel\WirelessCommon\;C:\Program Files\nodejs\;C:\Ruby22\bin;C:\Users\gfala\AppData\Local\.meteor\;C:\Program Files\apache-ant-1.9.7\bin;C:\Program Files\Java\jdk1.8.0_91\bin;C:\Users\gfala\AppData\Local\Android\sdk\platform-tools;C:\Users\gfala\AppData\Local\Android\sdk\tools;C:\Python27;C:\Users\gfala\AppData\Roaming\npm;C:\Users\gfala\AppData\Local\Microsoft\WindowsApps;
375 verbose lifecycle bcrypt@0.8.7~install: CWD: C:\Users\gfala\workspace\meteor\skeleton.meteor.1.4\node_modules\bcrypt
376 silly lifecycle bcrypt@0.8.7~install: Args: [ '/d /s /c', 'node-gyp rebuild' ]
377 silly lifecycle bcrypt@0.8.7~install: Returned: code: 1  signal: null
378 info lifecycle bcrypt@0.8.7~install: Failed to exec install script
379 verbose unlock done using C:\Users\gfala\AppData\Roaming\npm-cache\_locks\staging-5cf6a94ecae2c529.lock for C:\Users\gfala\workspace\meteor\skeleton.meteor.1.4\node_modules\.staging
380 silly rollbackFailedOptional Starting
381 silly rollbackFailedOptional Finishing
382 silly runTopLevelLifecycles Starting
383 silly runTopLevelLifecycles Finishing
384 silly install printInstalled
385 verbose stack Error: bcrypt@0.8.7 install: `node-gyp rebuild`
385 verbose stack Exit status 1
385 verbose stack     at EventEmitter.<anonymous> (C:\Users\gfala\AppData\Local\.meteor\packages\meteor-tool\1.4.1_1\mt-os.windows.x86_32\dev_bundle\lib\node_modules\npm\lib\utils\lifecycle.js:255:16)
385 verbose stack     at emitTwo (events.js:87:13)
385 verbose stack     at EventEmitter.emit (events.js:172:7)
385 verbose stack     at ChildProcess.<anonymous> (C:\Users\gfala\AppData\Local\.meteor\packages\meteor-tool\1.4.1_1\mt-os.windows.x86_32\dev_bundle\lib\node_modules\npm\lib\utils\spawn.js:40:14)
385 verbose stack     at emitTwo (events.js:87:13)
385 verbose stack     at ChildProcess.emit (events.js:172:7)
385 verbose stack     at maybeClose (internal/child_process.js:829:16)
385 verbose stack     at Process.ChildProcess._handle.onexit (internal/child_process.js:211:5)
386 verbose pkgid bcrypt@0.8.7
387 verbose cwd C:\Users\gfala\workspace\meteor\skeleton.meteor.1.4
388 error Windows_NT 10.0.14393
389 error argv "C:\\Users\\gfala\\AppData\\Local\\.meteor\\packages\\meteor-tool\\1.4.1_1\\mt-os.windows.x86_32\\dev_bundle\\bin\\node.exe" "C:\\Users\\gfala\\AppData\\Local\\.meteor\\packages\\meteor-tool\\1.4.1_1\\mt-os.windows.x86_32\\dev_bundle\\lib\\node_modules\\npm\\bin\\npm-cli.js" "install" "--save" "bcrypt"
390 error node v4.5.0
391 error npm  v3.10.6
392 error code ELIFECYCLE
393 error bcrypt@0.8.7 install: `node-gyp rebuild`
393 error Exit status 1
394 error Failed at the bcrypt@0.8.7 install script 'node-gyp rebuild'.
394 error Make sure you have the latest version of node.js and npm installed.
394 error If you do, this is most likely a problem with the bcrypt package,
394 error not with npm itself.
394 error Tell the author that this fails on your system:
394 error     node-gyp rebuild
394 error You can get information on how to open an issue for this project with:
394 error     npm bugs bcrypt
394 error Or if that isn't available, you can get their info via:
394 error     npm owner ls bcrypt
394 error There is likely additional logging output above.
395 verbose exit [ 1, true ]
